Determining if the pthread_create exist failed with the following output:
Change Dir: /opt/codigo/ros/simulator/catkin_ws/src/planning2/CMakeFiles/CMakeTmp

Run Build Command:/usr/bin/make "cmTryCompileExec3590788014/fast"
/usr/bin/make -f CMakeFiles/cmTryCompileExec3590788014.dir/build.make CMakeFiles/cmTryCompileExec3590788014.dir/build
make[1]: se ingresa al directorio «/opt/codigo/ros/simulator/catkin_ws/src/planning2/CMakeFiles/CMakeTmp»
/usr/bin/cmake -E cmake_progress_report /opt/codigo/ros/simulator/catkin_ws/src/planning2/CMakeFiles/CMakeTmp/CMakeFiles 1
Building C object CMakeFiles/cmTryCompileExec3590788014.dir/CheckSymbolExists.c.o
/usr/bin/cc    -o CMakeFiles/cmTryCompileExec3590788014.dir/CheckSymbolExists.c.o   -c /opt/codigo/ros/simulator/catkin_ws/src/planning2/CMakeFiles/CMakeTmp/CheckSymbolExists.c
Linking C executable cmTryCompileExec3590788014
/usr/bin/cmake -E cmake_link_script CMakeFiles/cmTryCompileExec3590788014.dir/link.txt --verbose=1
/usr/bin/cc       CMakeFiles/cmTryCompileExec3590788014.dir/CheckSymbolExists.c.o  -o cmTryCompileExec3590788014 -rdynamic 
CMakeFiles/cmTryCompileExec3590788014.dir/CheckSymbolExists.c.o: En la función `main':
CheckSymbolExists.c:(.text+0x16): referencia a `pthread_create' sin definir
collect2: error: ld returned 1 exit status
make[1]: *** [cmTryCompileExec3590788014] Error 1
make[1]: se sale del directorio «/opt/codigo/ros/simulator/catkin_ws/src/planning2/CMakeFiles/CMakeTmp»
make: *** [cmTryCompileExec3590788014/fast] Error 2

File /opt/codigo/ros/simulator/catkin_ws/src/planning2/CMakeFiles/CMakeTmp/CheckSymbolExists.c:
/* */
#include <pthread.h>

int main(int argc, char** argv)
{
  (void)argv;
#ifndef pthread_create
  return ((int*)(&pthread_create))[argc];
#else
  (void)argc;
  return 0;
#endif
}

Determining if the function pthread_create exists in the pthreads failed with the following output:
Change Dir: /opt/codigo/ros/simulator/catkin_ws/src/planning2/CMakeFiles/CMakeTmp

Run Build Command:/usr/bin/make "cmTryCompileExec2588996840/fast"
/usr/bin/make -f CMakeFiles/cmTryCompileExec2588996840.dir/build.make CMakeFiles/cmTryCompileExec2588996840.dir/build
make[1]: se ingresa al directorio «/opt/codigo/ros/simulator/catkin_ws/src/planning2/CMakeFiles/CMakeTmp»
/usr/bin/cmake -E cmake_progress_report /opt/codigo/ros/simulator/catkin_ws/src/planning2/CMakeFiles/CMakeTmp/CMakeFiles 1
Building C object CMakeFiles/cmTryCompileExec2588996840.dir/CheckFunctionExists.c.o
/usr/bin/cc   -DCHECK_FUNCTION_EXISTS=pthread_create   -o CMakeFiles/cmTryCompileExec2588996840.dir/CheckFunctionExists.c.o   -c /usr/share/cmake-2.8/Modules/CheckFunctionExists.c
Linking C executable cmTryCompileExec2588996840
/usr/bin/cmake -E cmake_link_script CMakeFiles/cmTryCompileExec2588996840.dir/link.txt --verbose=1
/usr/bin/cc   -DCHECK_FUNCTION_EXISTS=pthread_create    CMakeFiles/cmTryCompileExec2588996840.dir/CheckFunctionExists.c.o  -o cmTryCompileExec2588996840 -rdynamic -lpthreads 
/usr/bin/ld: no se puede encontrar -lpthreads
collect2: error: ld returned 1 exit status
make[1]: *** [cmTryCompileExec2588996840] Error 1
make[1]: se sale del directorio «/opt/codigo/ros/simulator/catkin_ws/src/planning2/CMakeFiles/CMakeTmp»
make: *** [cmTryCompileExec2588996840/fast] Error 2


